<?xml version="1.0" encoding="UTF-8"?>
<testsuite xmlns:xsi="http://www.w3.org/2001/XMLSchema-instance" xsi:noNamespaceSchemaLocation="https://maven.apache.org/surefire/maven-surefire-plugin/xsd/surefire-test-report-3.0.xsd" version="3.0" name="microwaveEngine.MicrowaveEngineTest" time="0.07" tests="11" errors="0" skipped="0" failures="0">
  <properties>
[...]
</properties>
  <testcase name="heatingTest" classname="microwaveEngine.MicrowaveEngineTest" time="0.027"/>
  <testcase name="testOpenWithItem" classname="microwaveEngine.MicrowaveEngineTest" time="0.005"/>
  <testcase name="lampTest" classname="microwaveEngine.MicrowaveEngineTest" time="0.001"/>
  <testcase name="testTimerYPower" classname="microwaveEngine.MicrowaveEngineTest" time="0.001"/>
  <testcase name="beeperTest" classname="microwaveEngine.MicrowaveEngineTest" time="0.001"/>
  <testcase name="testOpenWithNoItem" classname="microwaveEngine.MicrowaveEngineTest" time="0.001"/>
  <testcase name="testClosedWithItem" classname="microwaveEngine.MicrowaveEngineTest" time="0.002"/>
  <testcase name="testClosedWithNoItem" classname="microwaveEngine.MicrowaveEngineTest" time="0.001"/>
  <testcase name="testCooking" classname="microwaveEngine.MicrowaveEngineTest" time="0.003"/>
  <testcase name="testDisplay" classname="microwaveEngine.MicrowaveEngineTest" time="0.001"/>
  <testcase name="turnableTest" classname="microwaveEngine.MicrowaveEngineTest" time="0.001"/>
</testsuite>